TN:
SF:src/modules/appointments/services/CreateAppointmentService.ts
FN:16,(anonymous_18)
FN:19,CreateAppointmentService
FN:26,(anonymous_20)
FNF:3
FNH:3
FNDA:1,(anonymous_18)
FNDA:2,CreateAppointmentService
FNDA:3,(anonymous_20)
DA:1,1
DA:2,1
DA:6,1
DA:16,1
DA:23,2
DA:26,3
DA:28,3
DA:30,3
DA:32,3
DA:33,1
DA:36,2
DA:41,2
DA:43,1
DA:44,1
LF:14
LH:14
BRDA:32,0,0,1
BRDA:32,0,1,2
BRF:2
BRH:2
end_of_record
TN:
SF:src/modules/users/services/AuthenticateUserService.ts
FN:23,(anonymous_18)
FN:25,AuthenticateUserService
FN:33,(anonymous_20)
FNF:3
FNH:3
FNDA:1,(anonymous_18)
FNDA:3,AuthenticateUserService
FNDA:3,(anonymous_20)
DA:1,1
DA:2,1
DA:3,1
DA:5,1
DA:23,1
DA:27,3
DA:30,3
DA:33,3
DA:35,3
DA:37,3
DA:38,1
DA:41,2
DA:43,2
DA:44,1
DA:47,1
DA:49,1
DA:54,1
DA:60,1
DA:62,1
LF:19
LH:19
BRDA:35,0,0,3
BRDA:37,1,0,1
BRDA:37,1,1,2
BRDA:43,2,0,1
BRDA:43,2,1,1
BRF:5
BRH:5
end_of_record
TN:
SF:src/modules/users/services/CreateUserService.ts
FN:19,(anonymous_18)
FN:21,CreateUserService
FN:28,(anonymous_20)
FNF:3
FNH:3
FNDA:2,(anonymous_18)
FNDA:5,CreateUserService
FNDA:5,(anonymous_20)
DA:1,2
DA:3,2
DA:19,2
DA:23,5
DA:25,5
DA:28,5
DA:30,5
DA:32,5
DA:33,1
DA:36,4
DA:38,4
DA:44,4
DA:46,2
DA:48,2
LF:14
LH:14
BRDA:30,0,0,5
BRDA:32,1,0,1
BRDA:32,1,1,4
BRF:3
BRH:3
end_of_record
TN:
SF:src/modules/users/services/ResetPasswordService.ts
FN:18,(anonymous_18)
FN:20,ResetPasswordService
FN:31,(anonymous_20)
FNF:3
FNH:3
FNDA:1,(anonymous_18)
FNDA:4,ResetPasswordService
FNDA:4,(anonymous_20)
DA:1,1
DA:2,1
DA:4,1
DA:18,1
DA:22,4
DA:25,4
DA:28,4
DA:31,4
DA:33,4
DA:35,4
DA:36,1
DA:39,3
DA:41,3
DA:42,1
DA:45,2
DA:47,2
DA:49,2
DA:50,1
DA:53,1
DA:55,2
DA:58,1
DA:60,1
LF:22
LH:22
BRDA:33,0,0,4
BRDA:35,1,0,1
BRDA:35,1,1,3
BRDA:41,2,0,1
BRDA:41,2,1,2
BRDA:49,3,0,1
BRDA:49,3,1,1
BRF:7
BRH:7
end_of_record
TN:
SF:src/modules/users/services/SendforgotPasswordEmailService.ts
FN:18,(anonymous_18)
FN:20,SendForgotPasswordEmailService
FN:31,(anonymous_20)
FNF:3
FNH:3
FNDA:1,(anonymous_18)
FNDA:3,SendForgotPasswordEmailService
FNDA:3,(anonymous_20)
DA:1,1
DA:2,1
DA:4,1
DA:18,1
DA:22,3
DA:25,3
DA:28,3
DA:31,3
DA:33,3
DA:35,3
DA:36,1
DA:39,2
DA:41,2
DA:43,4
DA:58,1
DA:60,1
LF:16
LH:16
BRDA:33,0,0,3
BRDA:35,1,0,1
BRDA:35,1,1,2
BRF:3
BRH:3
end_of_record
TN:
SF:src/modules/users/services/ShowProfileService.ts
FN:12,(anonymous_18)
FN:14,ShowProfileService
FN:19,(anonymous_20)
FNF:3
FNH:3
FNDA:1,(anonymous_18)
FNDA:2,ShowProfileService
FNDA:2,(anonymous_20)
DA:1,1
DA:5,1
DA:12,1
DA:16,2
DA:19,2
DA:20,2
DA:22,2
DA:23,1
DA:26,1
DA:28,1
DA:30,1
LF:11
LH:11
BRDA:20,0,0,2
BRDA:22,1,0,1
BRDA:22,1,1,1
BRF:3
BRH:3
end_of_record
TN:
SF:src/modules/users/services/UpdateProfileService.ts
FN:18,(anonymous_20)
FN:20,UpdateProfileService
FN:28,(anonymous_22)
FNF:3
FNH:3
FNDA:1,(anonymous_20)
FNDA:6,UpdateProfileService
FNDA:6,(anonymous_22)
DA:1,1
DA:7,1
DA:18,1
DA:22,6
DA:25,6
DA:28,6
DA:29,6
DA:31,6
DA:32,1
DA:35,5
DA:37,5
DA:38,1
DA:41,4
DA:42,1
DA:45,4
DA:46,2
DA:48,2
DA:49,1
DA:52,1
DA:53,1
DA:54,1
DA:56,1
DA:60,2
DA:66,4
DA:68,2
DA:70,1
DA:72,1
LF:27
LH:27
BRDA:29,0,0,6
BRDA:31,1,0,1
BRDA:31,1,1,5
BRDA:37,2,0,1
BRDA:37,2,1,4
BRDA:37,3,0,5
BRDA:37,3,1,1
BRDA:41,4,0,1
BRDA:41,4,1,3
BRDA:41,5,0,4
BRDA:41,5,1,3
BRDA:45,6,0,1
BRDA:45,6,1,2
BRDA:45,7,0,3
BRDA:45,7,1,2
BRDA:48,8,0,1
BRDA:48,8,1,1
BRF:17
BRH:17
end_of_record
TN:
SF:src/modules/users/services/UpdateUserAvatarService.ts
FN:14,(anonymous_18)
FN:20,UpdateUserAvatarService
FN:30,(anonymous_20)
FNF:3
FNH:3
FNDA:1,(anonymous_18)
FNDA:3,UpdateUserAvatarService
FNDA:4,(anonymous_20)
DA:2,1
DA:4,1
DA:14,1
DA:26,3
DA:27,3
DA:30,4
DA:32,4
DA:34,4
DA:35,1
DA:38,5
DA:39,2
DA:42,3
DA:44,3
DA:46,6
DA:48,3
DA:50,1
DA:52,1
LF:17
LH:17
BRDA:32,0,0,4
BRDA:32,0,1,3
BRDA:34,1,0,1
BRDA:34,1,1,3
BRDA:38,2,0,2
BRDA:38,2,1,1
BRF:6
BRH:6
end_of_record
